{"level":"info","message":"Waiting for element: locator('#react-burger-menu-btn') to be visible"}
{"level":"info","message":"Waiting for element: locator('#react-burger-menu-btn') to be visible"}
{"level":"info","message":"Waiting for element: locator('#react-burger-menu-btn') to be visible"}
{"level":"error","message":"Element did not become visible: locator('#react-burger-menu-btn') locator.waitFor: Timeout 15000ms exceeded.\nCall log:\n\u001b[2m  - waiting for locator('#react-burger-menu-btn') to be visible\u001b[22m\n","name":"TimeoutError","stack":"locator.waitFor: Timeout 15000ms exceeded.\nCall log:\n\u001b[2m  - waiting for locator('#react-burger-menu-btn') to be visible\u001b[22m\n\n    at Menu.waitForVisible (C:\\Others\\Sample-PW-Automation\\src\\pages\\basePage.ts:48:27)\n    at Menu.click (C:\\Others\\Sample-PW-Automation\\src\\pages\\basePage.ts:58:24)\n    at Menu.openMenu (C:\\Others\\Sample-PW-Automation\\src\\pages\\components\\menu.ts:15:20)\n    at Menu.logout (C:\\Others\\Sample-PW-Automation\\src\\pages\\components\\menu.ts:18:20)\n    at Object.logoutFromApplication (C:\\Others\\Sample-PW-Automation\\src\\fixtures\\baseFixture.ts:40:33)"}
{"level":"error","message":"Failed to click element: locator('#react-burger-menu-btn') locator.waitFor: Timeout 15000ms exceeded.\nCall log:\n\u001b[2m  - waiting for locator('#react-burger-menu-btn') to be visible\u001b[22m\n","name":"TimeoutError","stack":"locator.waitFor: Timeout 15000ms exceeded.\nCall log:\n\u001b[2m  - waiting for locator('#react-burger-menu-btn') to be visible\u001b[22m\n\n    at Menu.waitForVisible (C:\\Others\\Sample-PW-Automation\\src\\pages\\basePage.ts:48:27)\n    at Menu.click (C:\\Others\\Sample-PW-Automation\\src\\pages\\basePage.ts:58:24)\n    at Menu.openMenu (C:\\Others\\Sample-PW-Automation\\src\\pages\\components\\menu.ts:15:20)\n    at Menu.logout (C:\\Others\\Sample-PW-Automation\\src\\pages\\components\\menu.ts:18:20)\n    at Object.logoutFromApplication (C:\\Others\\Sample-PW-Automation\\src\\fixtures\\baseFixture.ts:40:33)"}
{"level":"info","message":"Waiting for element: locator('#user-name') to be visible"}
{"level":"info","message":"Element is now visible"}
{"level":"info","message":"Typed \"standard_user\" into element: locator('#user-name')"}
{"level":"info","message":"Waiting for element: locator('#password') to be visible"}
{"level":"info","message":"Element is now visible"}
{"level":"info","message":"Typed \"secret_sauce\" into element: locator('#password')"}
{"level":"info","message":"Waiting for element: locator('#login-button') to be visible"}
{"level":"info","message":"Element is now visible"}
{"level":"info","message":"Clicked element: locator('#login-button')"}
{"level":"info","message":"Waiting for element: locator('#user-name') to be visible"}
{"level":"info","message":"Element is now visible"}
{"level":"info","message":"Typed \"standard_user\" into element: locator('#user-name')"}
{"level":"info","message":"Waiting for element: locator('#password') to be visible"}
{"level":"info","message":"Element is now visible"}
{"level":"info","message":"Typed \"secret_sauce\" into element: locator('#password')"}
{"level":"info","message":"Waiting for element: locator('#login-button') to be visible"}
{"level":"info","message":"Element is now visible"}
{"level":"info","message":"Clicked element: locator('#login-button')"}
{"level":"info","message":"Waiting for element: locator('#user-name') to be visible"}
{"level":"info","message":"Element is now visible"}
{"level":"info","message":"Typed \"standard_user\" into element: locator('#user-name')"}
{"level":"info","message":"Waiting for element: locator('#password') to be visible"}
{"level":"info","message":"Element is now visible"}
{"level":"info","message":"Typed \"secret_sauce\" into element: locator('#password')"}
{"level":"info","message":"Waiting for element: locator('#login-button') to be visible"}
{"level":"info","message":"Element is now visible"}
{"level":"info","message":"Clicked element: locator('#login-button')"}
{"level":"info","message":"Waiting for element: locator('#user-name') to be visible"}
{"level":"info","message":"Element is now visible"}
{"level":"info","message":"Typed \"standard_user\" into element: locator('#user-name')"}
{"level":"info","message":"Waiting for element: locator('#password') to be visible"}
{"level":"info","message":"Element is now visible"}
{"level":"info","message":"Typed \"secret_sauce\" into element: locator('#password')"}
{"level":"info","message":"Waiting for element: locator('#login-button') to be visible"}
{"level":"info","message":"Element is now visible"}
{"level":"info","message":"Clicked element: locator('#login-button')"}
{"level":"info","message":"Waiting for element: locator('#user-name') to be visible"}
{"level":"info","message":"Element is now visible"}
{"level":"info","message":"Typed \"standard_user\" into element: locator('#user-name')"}
{"level":"info","message":"Waiting for element: locator('#password') to be visible"}
{"level":"info","message":"Element is now visible"}
{"level":"info","message":"Typed \"secret_sauce\" into element: locator('#password')"}
{"level":"info","message":"Waiting for element: locator('#login-button') to be visible"}
{"level":"info","message":"Element is now visible"}
{"level":"info","message":"Clicked element: locator('#login-button')"}
{"level":"info","message":"Waiting for element: locator('#user-name') to be visible"}
{"level":"info","message":"Element is now visible"}
{"level":"info","message":"Typed \"standard_user\" into element: locator('#user-name')"}
{"level":"info","message":"Waiting for element: locator('#password') to be visible"}
{"level":"info","message":"Element is now visible"}
{"level":"info","message":"Typed \"secret_sauce\" into element: locator('#password')"}
{"level":"info","message":"Waiting for element: locator('#login-button') to be visible"}
{"level":"info","message":"Element is now visible"}
{"level":"info","message":"Clicked element: locator('#login-button')"}
{"level":"info","message":"Waiting for element: locator('#user-name') to be visible"}
{"level":"info","message":"Element is now visible"}
{"level":"info","message":"Typed \"standard_user\" into element: locator('#user-name')"}
{"level":"info","message":"Waiting for element: locator('#password') to be visible"}
{"level":"info","message":"Element is now visible"}
{"level":"info","message":"Typed \"secret_sauce\" into element: locator('#password')"}
{"level":"info","message":"Waiting for element: locator('#login-button') to be visible"}
{"level":"info","message":"Element is now visible"}
{"level":"info","message":"Clicked element: locator('#login-button')"}
{"level":"info","message":"Waiting for element: locator('#user-name') to be visible"}
{"level":"info","message":"Element is now visible"}
{"level":"info","message":"Typed \"standard_user\" into element: locator('#user-name')"}
{"level":"info","message":"Waiting for element: locator('#password') to be visible"}
{"level":"info","message":"Element is now visible"}
{"level":"info","message":"Typed \"secret_sauce\" into element: locator('#password')"}
{"level":"info","message":"Waiting for element: locator('#login-button') to be visible"}
{"level":"info","message":"Element is now visible"}
{"level":"info","message":"Clicked element: locator('#login-button')"}
{"level":"info","message":"Waiting for element: locator('#user-name') to be visible"}
{"level":"info","message":"Element is now visible"}
{"level":"info","message":"Typed \"standard_user\" into element: locator('#user-name')"}
{"level":"info","message":"Waiting for element: locator('#password') to be visible"}
{"level":"info","message":"Element is now visible"}
{"level":"info","message":"Typed \"secret_sauce\" into element: locator('#password')"}
{"level":"info","message":"Waiting for element: locator('#login-button') to be visible"}
{"level":"info","message":"Element is now visible"}
{"level":"info","message":"Clicked element: locator('#login-button')"}
{"level":"info","message":"Waiting for element: locator('#user-name') to be visible"}
{"level":"info","message":"Element is now visible"}
{"level":"info","message":"Typed \"standard_user\" into element: locator('#user-name')"}
{"level":"info","message":"Waiting for element: locator('#password') to be visible"}
{"level":"info","message":"Element is now visible"}
{"level":"info","message":"Typed \"secret_sauce\" into element: locator('#password')"}
{"level":"info","message":"Waiting for element: locator('#login-button') to be visible"}
{"level":"info","message":"Element is now visible"}
{"level":"info","message":"Clicked element: locator('#login-button')"}
{"level":"info","message":"Waiting for element: locator('#user-name') to be visible"}
{"level":"info","message":"Element is now visible"}
{"level":"info","message":"Typed \"standard_user\" into element: locator('#user-name')"}
{"level":"info","message":"Waiting for element: locator('#password') to be visible"}
{"level":"info","message":"Element is now visible"}
{"level":"info","message":"Typed \"secret_sauce\" into element: locator('#password')"}
{"level":"info","message":"Waiting for element: locator('#login-button') to be visible"}
{"level":"info","message":"Element is now visible"}
{"level":"info","message":"Clicked element: locator('#login-button')"}
{"level":"info","message":"Waiting for element: locator('#user-name') to be visible"}
{"level":"info","message":"Element is now visible"}
{"level":"info","message":"Typed \"standard_user\" into element: locator('#user-name')"}
{"level":"info","message":"Waiting for element: locator('#password') to be visible"}
{"level":"info","message":"Element is now visible"}
{"level":"info","message":"Typed \"secret_sauce\" into element: locator('#password')"}
{"level":"info","message":"Waiting for element: locator('#login-button') to be visible"}
{"level":"info","message":"Element is now visible"}
{"level":"info","message":"Clicked element: locator('#login-button')"}
{"level":"info","message":"Waiting for element: locator('#user-name') to be visible"}
{"level":"info","message":"Element is now visible"}
{"level":"info","message":"Typed \"standard_user\" into element: locator('#user-name')"}
{"level":"info","message":"Waiting for element: locator('#password') to be visible"}
{"level":"info","message":"Element is now visible"}
{"level":"info","message":"Typed \"secret_sauce\" into element: locator('#password')"}
{"level":"info","message":"Waiting for element: locator('#login-button') to be visible"}
{"level":"info","message":"Element is now visible"}
{"level":"info","message":"Clicked element: locator('#login-button')"}
{"level":"info","message":"Waiting for element: locator('#react-burger-menu-btn') to be visible"}
{"level":"info","message":"Element is now visible"}
{"level":"info","message":"Clicked element: locator('#react-burger-menu-btn')"}
{"level":"info","message":"Waiting for element: locator('#logout_sidebar_link') to be visible"}
{"level":"info","message":"Element is now visible"}
{"level":"info","message":"Clicked element: locator('#logout_sidebar_link')"}
{"level":"info","message":"Waiting for element: locator('#user-name') to be visible"}
{"level":"info","message":"Element is now visible"}
{"level":"info","message":"Typed \"standard_user\" into element: locator('#user-name')"}
{"level":"info","message":"Waiting for element: locator('#password') to be visible"}
{"level":"info","message":"Element is now visible"}
{"level":"info","message":"Typed \"secret_sauce\" into element: locator('#password')"}
{"level":"info","message":"Waiting for element: locator('#login-button') to be visible"}
{"level":"info","message":"Element is now visible"}
{"level":"info","message":"Clicked element: locator('#login-button')"}
{"level":"info","message":"Waiting for element: locator('#user-name') to be visible"}
{"level":"info","message":"Element is now visible"}
{"level":"info","message":"Typed \"standard_user\" into element: locator('#user-name')"}
{"level":"info","message":"Waiting for element: locator('#password') to be visible"}
{"level":"info","message":"Element is now visible"}
{"level":"info","message":"Typed \"secret_sauce\" into element: locator('#password')"}
{"level":"info","message":"Waiting for element: locator('#login-button') to be visible"}
{"level":"info","message":"Element is now visible"}
{"level":"info","message":"Clicked element: locator('#login-button')"}
{"level":"info","message":"Waiting for element: locator('#user-name') to be visible"}
{"level":"info","message":"Element is now visible"}
{"level":"info","message":"Typed \"standard_user\" into element: locator('#user-name')"}
{"level":"info","message":"Waiting for element: locator('#password') to be visible"}
{"level":"info","message":"Element is now visible"}
{"level":"info","message":"Typed \"secret_sauce\" into element: locator('#password')"}
{"level":"info","message":"Waiting for element: locator('#login-button') to be visible"}
{"level":"info","message":"Element is now visible"}
{"level":"info","message":"Clicked element: locator('#login-button')"}
{"level":"info","message":"Waiting for element: locator('#react-burger-menu-btn') to be visible"}
{"level":"error","message":"Element did not become visible: locator('#react-burger-menu-btn') locator.waitFor: Target page, context or browser has been closed","stack":"locator.waitFor: Target page, context or browser has been closed\n    at Menu.waitForVisible (C:\\Others\\Sample-PW-Automation\\src\\pages\\basePage.ts:48:27)\n    at Menu.click (C:\\Others\\Sample-PW-Automation\\src\\pages\\basePage.ts:58:24)\n    at Menu.openMenu (C:\\Others\\Sample-PW-Automation\\src\\pages\\components\\menu.ts:15:20)\n    at Menu.logout (C:\\Others\\Sample-PW-Automation\\src\\pages\\components\\menu.ts:18:20)\n    at Object.logoutFromApplication (C:\\Others\\Sample-PW-Automation\\src\\fixtures\\baseFixture.ts:41:33)"}
{"level":"error","message":"Failed to click element: locator('#react-burger-menu-btn') locator.waitFor: Target page, context or browser has been closed","stack":"locator.waitFor: Target page, context or browser has been closed\n    at Menu.waitForVisible (C:\\Others\\Sample-PW-Automation\\src\\pages\\basePage.ts:48:27)\n    at Menu.click (C:\\Others\\Sample-PW-Automation\\src\\pages\\basePage.ts:58:24)\n    at Menu.openMenu (C:\\Others\\Sample-PW-Automation\\src\\pages\\components\\menu.ts:15:20)\n    at Menu.logout (C:\\Others\\Sample-PW-Automation\\src\\pages\\components\\menu.ts:18:20)\n    at Object.logoutFromApplication (C:\\Others\\Sample-PW-Automation\\src\\fixtures\\baseFixture.ts:41:33)"}
{"level":"info","message":"Waiting for element: locator('#user-name') to be visible"}
{"level":"info","message":"Element is now visible"}
{"level":"info","message":"Typed \"standard_user\" into element: locator('#user-name')"}
{"level":"info","message":"Waiting for element: locator('#password') to be visible"}
{"level":"info","message":"Element is now visible"}
{"level":"info","message":"Typed \"secret_sauce\" into element: locator('#password')"}
{"level":"info","message":"Waiting for element: locator('#login-button') to be visible"}
{"level":"info","message":"Element is now visible"}
{"level":"info","message":"Clicked element: locator('#login-button')"}
{"level":"info","message":"Waiting for element: locator('#react-burger-menu-btn') to be visible"}
{"level":"info","message":"Element is now visible"}
{"level":"info","message":"Clicked element: locator('#react-burger-menu-btn')"}
{"level":"info","message":"Waiting for element: locator('#logout_sidebar_link') to be visible"}
{"level":"info","message":"Element is now visible"}
{"level":"info","message":"Clicked element: locator('#logout_sidebar_link')"}
{"level":"info","message":"Waiting for element: locator('#user-name') to be visible"}
{"level":"info","message":"Element is now visible"}
{"level":"info","message":"Typed \"standard_user\" into element: locator('#user-name')"}
{"level":"info","message":"Waiting for element: locator('#password') to be visible"}
{"level":"info","message":"Element is now visible"}
{"level":"info","message":"Typed \"secret_sauce\" into element: locator('#password')"}
{"level":"info","message":"Waiting for element: locator('#login-button') to be visible"}
{"level":"info","message":"Element is now visible"}
{"level":"info","message":"Clicked element: locator('#login-button')"}
{"level":"info","message":"Waiting for element: locator('#user-name') to be visible"}
{"level":"info","message":"Element is now visible"}
{"level":"info","message":"Typed \"standard_user\" into element: locator('#user-name')"}
{"level":"info","message":"Waiting for element: locator('#password') to be visible"}
{"level":"info","message":"Element is now visible"}
{"level":"info","message":"Typed \"secret_sauce\" into element: locator('#password')"}
{"level":"info","message":"Waiting for element: locator('#login-button') to be visible"}
{"level":"info","message":"Element is now visible"}
{"level":"info","message":"Clicked element: locator('#login-button')"}
{"level":"info","message":"Waiting for element: locator('#user-name') to be visible"}
{"level":"info","message":"Element is now visible"}
{"level":"info","message":"Typed \"standard_user\" into element: locator('#user-name')"}
{"level":"info","message":"Waiting for element: locator('#password') to be visible"}
{"level":"info","message":"Element is now visible"}
{"level":"info","message":"Typed \"secret_sauce\" into element: locator('#password')"}
{"level":"info","message":"Waiting for element: locator('#login-button') to be visible"}
{"level":"info","message":"Element is now visible"}
{"level":"info","message":"Clicked element: locator('#login-button')"}
{"level":"info","message":"Waiting for element: locator('#user-name') to be visible"}
{"level":"info","message":"Element is now visible"}
{"level":"info","message":"Typed \"standard_user\" into element: locator('#user-name')"}
{"level":"info","message":"Waiting for element: locator('#password') to be visible"}
{"level":"info","message":"Element is now visible"}
{"level":"info","message":"Typed \"secret_sauce\" into element: locator('#password')"}
{"level":"info","message":"Waiting for element: locator('#login-button') to be visible"}
{"level":"info","message":"Element is now visible"}
{"level":"info","message":"Clicked element: locator('#login-button')"}
{"level":"info","message":"Waiting for element: locator('#user-name') to be visible"}
{"level":"info","message":"Element is now visible"}
{"level":"info","message":"Typed \"standard_user\" into element: locator('#user-name')"}
{"level":"info","message":"Waiting for element: locator('#password') to be visible"}
{"level":"info","message":"Element is now visible"}
{"level":"info","message":"Typed \"secret_sauce\" into element: locator('#password')"}
{"level":"info","message":"Waiting for element: locator('#login-button') to be visible"}
{"level":"info","message":"Element is now visible"}
{"level":"info","message":"Clicked element: locator('#login-button')"}
{"level":"info","message":"Waiting for element: locator('#user-name') to be visible"}
{"level":"info","message":"Element is now visible"}
{"level":"info","message":"Typed \"standard_user\" into element: locator('#user-name')"}
{"level":"info","message":"Waiting for element: locator('#password') to be visible"}
{"level":"info","message":"Element is now visible"}
{"level":"info","message":"Typed \"secret_sauce\" into element: locator('#password')"}
{"level":"info","message":"Waiting for element: locator('#login-button') to be visible"}
{"level":"info","message":"Element is now visible"}
{"level":"info","message":"Clicked element: locator('#login-button')"}
{"level":"info","message":"Waiting for element: locator('#react-burger-menu-btn') to be visible"}
{"level":"info","message":"Element is now visible"}
{"level":"info","message":"Clicked element: locator('#react-burger-menu-btn')"}
{"level":"info","message":"Waiting for element: locator('#logout_sidebar_link') to be visible"}
{"level":"info","message":"Element is now visible"}
{"level":"info","message":"Clicked element: locator('#logout_sidebar_link')"}
{"level":"info","message":"Waiting for element: locator('#user-name') to be visible"}
{"level":"info","message":"Element is now visible"}
{"level":"info","message":"Typed \"standard_user\" into element: locator('#user-name')"}
{"level":"info","message":"Waiting for element: locator('#password') to be visible"}
{"level":"info","message":"Element is now visible"}
{"level":"info","message":"Typed \"secret_sauce\" into element: locator('#password')"}
{"level":"info","message":"Waiting for element: locator('#login-button') to be visible"}
{"level":"info","message":"Element is now visible"}
{"level":"info","message":"Clicked element: locator('#login-button')"}
{"level":"info","message":"Waiting for element: locator('#user-name') to be visible"}
{"level":"info","message":"Element is now visible"}
{"level":"info","message":"Typed \"standard_user\" into element: locator('#user-name')"}
{"level":"info","message":"Waiting for element: locator('#password') to be visible"}
{"level":"info","message":"Element is now visible"}
{"level":"info","message":"Typed \"secret_sauce\" into element: locator('#password')"}
{"level":"info","message":"Waiting for element: locator('#login-button') to be visible"}
{"level":"info","message":"Element is now visible"}
{"level":"info","message":"Clicked element: locator('#login-button')"}
{"level":"info","message":"Waiting for element: locator('#react-burger-menu-btn') to be visible"}
{"level":"error","message":"Element did not become visible: locator('#react-burger-menu-btn') locator.waitFor: Timeout 15000ms exceeded.\nCall log:\n\u001b[2m  - waiting for locator('#react-burger-menu-btn') to be visible\u001b[22m\n","name":"TimeoutError","stack":"locator.waitFor: Timeout 15000ms exceeded.\nCall log:\n\u001b[2m  - waiting for locator('#react-burger-menu-btn') to be visible\u001b[22m\n\n    at Menu.waitForVisible (C:\\Others\\Sample-PW-Automation\\src\\pages\\basePage.ts:48:27)\n    at Menu.click (C:\\Others\\Sample-PW-Automation\\src\\pages\\basePage.ts:58:24)\n    at Menu.openMenu (C:\\Others\\Sample-PW-Automation\\src\\pages\\components\\menu.ts:15:20)\n    at Menu.logout (C:\\Others\\Sample-PW-Automation\\src\\pages\\components\\menu.ts:18:20)\n    at Object.logoutFromApplication (C:\\Others\\Sample-PW-Automation\\src\\fixtures\\baseFixture.ts:38:33)"}
{"level":"error","message":"Failed to click element: locator('#react-burger-menu-btn') locator.waitFor: Timeout 15000ms exceeded.\nCall log:\n\u001b[2m  - waiting for locator('#react-burger-menu-btn') to be visible\u001b[22m\n","name":"TimeoutError","stack":"locator.waitFor: Timeout 15000ms exceeded.\nCall log:\n\u001b[2m  - waiting for locator('#react-burger-menu-btn') to be visible\u001b[22m\n\n    at Menu.waitForVisible (C:\\Others\\Sample-PW-Automation\\src\\pages\\basePage.ts:48:27)\n    at Menu.click (C:\\Others\\Sample-PW-Automation\\src\\pages\\basePage.ts:58:24)\n    at Menu.openMenu (C:\\Others\\Sample-PW-Automation\\src\\pages\\components\\menu.ts:15:20)\n    at Menu.logout (C:\\Others\\Sample-PW-Automation\\src\\pages\\components\\menu.ts:18:20)\n    at Object.logoutFromApplication (C:\\Others\\Sample-PW-Automation\\src\\fixtures\\baseFixture.ts:38:33)"}
{"level":"info","message":"Waiting for element: locator('#user-name') to be visible"}
{"level":"info","message":"Element is now visible"}
{"level":"info","message":"Typed \"standard_user\" into element: locator('#user-name')"}
{"level":"info","message":"Waiting for element: locator('#password') to be visible"}
{"level":"info","message":"Element is now visible"}
{"level":"info","message":"Typed \"secret_sauce\" into element: locator('#password')"}
{"level":"info","message":"Waiting for element: locator('#login-button') to be visible"}
{"level":"info","message":"Element is now visible"}
{"level":"info","message":"Clicked element: locator('#login-button')"}
{"level":"info","message":"Waiting for element: locator('#react-burger-menu-btn') to be visible"}
{"level":"info","message":"Element is now visible"}
{"level":"info","message":"Clicked element: locator('#react-burger-menu-btn')"}
{"level":"info","message":"Waiting for element: locator('#logout_sidebar_link') to be visible"}
{"level":"info","message":"Element is now visible"}
{"level":"info","message":"Clicked element: locator('#logout_sidebar_link')"}
{"level":"info","message":"Waiting for element: locator('#user-name') to be visible"}
{"level":"info","message":"Element is now visible"}
{"level":"info","message":"Typed \"standard_user\" into element: locator('#user-name')"}
{"level":"info","message":"Waiting for element: locator('#password') to be visible"}
{"level":"info","message":"Element is now visible"}
{"level":"info","message":"Typed \"secret_sauce\" into element: locator('#password')"}
{"level":"info","message":"Waiting for element: locator('#login-button') to be visible"}
{"level":"info","message":"Element is now visible"}
{"level":"info","message":"Clicked element: locator('#login-button')"}
{"level":"info","message":"Waiting for element: locator('#user-name') to be visible"}
{"level":"info","message":"Element is now visible"}
{"level":"info","message":"Typed \"standard_user\" into element: locator('#user-name')"}
{"level":"info","message":"Waiting for element: locator('#password') to be visible"}
{"level":"info","message":"Element is now visible"}
{"level":"info","message":"Typed \"secret_sauce\" into element: locator('#password')"}
{"level":"info","message":"Waiting for element: locator('#login-button') to be visible"}
{"level":"info","message":"Element is now visible"}
{"level":"info","message":"Clicked element: locator('#login-button')"}
{"level":"info","message":"Waiting for element: locator('#react-burger-menu-btn') to be visible"}
{"level":"info","message":"Element is now visible"}
{"level":"info","message":"Clicked element: locator('#react-burger-menu-btn')"}
{"level":"info","message":"Waiting for element: locator('#logout_sidebar_link') to be visible"}
{"level":"info","message":"Element is now visible"}
{"level":"info","message":"Clicked element: locator('#logout_sidebar_link')"}
{"level":"info","message":"Waiting for element: locator('#user-name') to be visible"}
{"level":"info","message":"Element is now visible"}
{"level":"info","message":"Typed \"standard_user\" into element: locator('#user-name')"}
{"level":"info","message":"Waiting for element: locator('#password') to be visible"}
{"level":"info","message":"Element is now visible"}
{"level":"info","message":"Typed \"secret_sauce\" into element: locator('#password')"}
{"level":"info","message":"Waiting for element: locator('#login-button') to be visible"}
{"level":"info","message":"Element is now visible"}
{"level":"info","message":"Clicked element: locator('#login-button')"}
{"level":"info","message":"Waiting for element: locator('#react-burger-menu-btn') to be visible"}
{"level":"info","message":"Element is now visible"}
{"level":"info","message":"Clicked element: locator('#react-burger-menu-btn')"}
{"level":"info","message":"Waiting for element: locator('#logout_sidebar_link') to be visible"}
{"level":"info","message":"Element is now visible"}
{"level":"info","message":"Clicked element: locator('#logout_sidebar_link')"}
{"level":"info","message":"Waiting for element: locator('#user-name') to be visible"}
{"level":"info","message":"Element is now visible"}
{"level":"info","message":"Typed \"standard_user\" into element: locator('#user-name')"}
{"level":"info","message":"Waiting for element: locator('#password') to be visible"}
{"level":"info","message":"Element is now visible"}
{"level":"info","message":"Typed \"secret_sauce\" into element: locator('#password')"}
{"level":"info","message":"Waiting for element: locator('#login-button') to be visible"}
{"level":"info","message":"Element is now visible"}
{"level":"info","message":"Clicked element: locator('#login-button')"}
{"level":"info","message":"Waiting for element: locator('#react-burger-menu-btn') to be visible"}
{"level":"info","message":"Element is now visible"}
{"level":"info","message":"Clicked element: locator('#react-burger-menu-btn')"}
{"level":"info","message":"Waiting for element: locator('#logout_sidebar_link') to be visible"}
{"level":"info","message":"Element is now visible"}
{"level":"info","message":"Clicked element: locator('#logout_sidebar_link')"}
{"level":"info","message":"Waiting for element: locator('#user-name') to be visible"}
{"level":"info","message":"Element is now visible"}
{"level":"info","message":"Typed \"standard_user\" into element: locator('#user-name')"}
{"level":"info","message":"Waiting for element: locator('#password') to be visible"}
{"level":"info","message":"Element is now visible"}
{"level":"info","message":"Typed \"secret_sauce\" into element: locator('#password')"}
{"level":"info","message":"Waiting for element: locator('#login-button') to be visible"}
{"level":"info","message":"Element is now visible"}
{"level":"info","message":"Clicked element: locator('#login-button')"}
{"level":"info","message":"Waiting for element: locator('#react-burger-menu-btn') to be visible"}
{"level":"info","message":"Element is now visible"}
{"level":"info","message":"Clicked element: locator('#react-burger-menu-btn')"}
{"level":"info","message":"Waiting for element: locator('#logout_sidebar_link') to be visible"}
{"level":"info","message":"Element is now visible"}
{"level":"info","message":"Clicked element: locator('#logout_sidebar_link')"}
{"level":"info","message":"Waiting for element: locator('#user-name') to be visible"}
{"level":"info","message":"Element is now visible"}
{"level":"info","message":"Typed \"standard_user\" into element: locator('#user-name')"}
{"level":"info","message":"Waiting for element: locator('#password') to be visible"}
{"level":"info","message":"Element is now visible"}
{"level":"info","message":"Typed \"secret_sauce\" into element: locator('#password')"}
{"level":"info","message":"Waiting for element: locator('#login-button') to be visible"}
{"level":"info","message":"Element is now visible"}
{"level":"info","message":"Clicked element: locator('#login-button')"}
{"level":"info","message":"Waiting for element: locator('#react-burger-menu-btn') to be visible"}
{"level":"info","message":"Element is now visible"}
{"level":"info","message":"Clicked element: locator('#react-burger-menu-btn')"}
{"level":"info","message":"Waiting for element: locator('#logout_sidebar_link') to be visible"}
{"level":"info","message":"Element is now visible"}
{"level":"info","message":"Clicked element: locator('#logout_sidebar_link')"}
{"level":"info","message":"Waiting for element: locator('#user-name') to be visible"}
{"level":"info","message":"Element is now visible"}
{"level":"info","message":"Typed \"standard_user\" into element: locator('#user-name')"}
{"level":"info","message":"Waiting for element: locator('#password') to be visible"}
{"level":"info","message":"Element is now visible"}
{"level":"info","message":"Typed \"secret_sauce\" into element: locator('#password')"}
{"level":"info","message":"Waiting for element: locator('#login-button') to be visible"}
{"level":"info","message":"Waiting for element: locator('#user-name') to be visible"}
{"level":"info","message":"Element is now visible"}
{"level":"info","message":"Element is now visible"}
{"level":"info","message":"Clicked element: locator('#login-button')"}
{"level":"info","message":"Typed \"standard_user\" into element: locator('#user-name')"}
{"level":"info","message":"Waiting for element: locator('#password') to be visible"}
{"level":"info","message":"Element is now visible"}
{"level":"info","message":"Typed \"secret_sauce\" into element: locator('#password')"}
{"level":"info","message":"Waiting for element: locator('#login-button') to be visible"}
{"level":"info","message":"Element is now visible"}
{"level":"info","message":"Clicked element: locator('#login-button')"}
{"level":"info","message":"Waiting for element: locator('#react-burger-menu-btn') to be visible"}
{"level":"info","message":"Element is now visible"}
{"level":"info","message":"Clicked element: locator('#react-burger-menu-btn')"}
{"level":"info","message":"Waiting for element: locator('#logout_sidebar_link') to be visible"}
{"level":"info","message":"Element is now visible"}
{"level":"info","message":"Clicked element: locator('#logout_sidebar_link')"}
{"level":"info","message":"Waiting for element: locator('#user-name') to be visible"}
{"level":"info","message":"Element is now visible"}
{"level":"info","message":"Typed \"standard_user\" into element: locator('#user-name')"}
{"level":"info","message":"Waiting for element: locator('#password') to be visible"}
{"level":"info","message":"Element is now visible"}
{"level":"info","message":"Typed \"secret_sauce\" into element: locator('#password')"}
{"level":"info","message":"Waiting for element: locator('#login-button') to be visible"}
{"level":"info","message":"Element is now visible"}
{"level":"info","message":"Clicked element: locator('#login-button')"}
{"level":"info","message":"Waiting for element: locator('#user-name') to be visible"}
{"level":"info","message":"Element is now visible"}
{"level":"info","message":"Typed \"standard_user\" into element: locator('#user-name')"}
{"level":"info","message":"Waiting for element: locator('#password') to be visible"}
{"level":"info","message":"Element is now visible"}
{"level":"info","message":"Typed \"secret_sauce\" into element: locator('#password')"}
{"level":"info","message":"Waiting for element: locator('#login-button') to be visible"}
{"level":"info","message":"Element is now visible"}
{"level":"info","message":"Clicked element: locator('#login-button')"}
{"level":"info","message":"Waiting for element: locator('#user-name') to be visible"}
{"level":"info","message":"Element is now visible"}
{"level":"info","message":"Typed \"standard_user\" into element: locator('#user-name')"}
{"level":"info","message":"Waiting for element: locator('#password') to be visible"}
{"level":"info","message":"Element is now visible"}
{"level":"info","message":"Typed \"secret_sauce\" into element: locator('#password')"}
{"level":"info","message":"Waiting for element: locator('#login-button') to be visible"}
{"level":"info","message":"Element is now visible"}
{"level":"info","message":"Clicked element: locator('#login-button')"}
{"level":"info","message":"Waiting for element: locator('#user-name') to be visible"}
{"level":"info","message":"Element is now visible"}
{"level":"info","message":"Typed \"standard_user\" into element: locator('#user-name')"}
{"level":"info","message":"Waiting for element: locator('#password') to be visible"}
{"level":"info","message":"Element is now visible"}
{"level":"info","message":"Typed \"secret_sauce\" into element: locator('#password')"}
{"level":"info","message":"Waiting for element: locator('#login-button') to be visible"}
{"level":"info","message":"Element is now visible"}
{"level":"info","message":"Clicked element: locator('#login-button')"}
{"level":"info","message":"Waiting for element: locator('#user-name') to be visible"}
{"level":"info","message":"Element is now visible"}
{"level":"info","message":"Typed \"standard_user\" into element: locator('#user-name')"}
{"level":"info","message":"Waiting for element: locator('#password') to be visible"}
{"level":"info","message":"Element is now visible"}
{"level":"info","message":"Typed \"secret_sauce\" into element: locator('#password')"}
{"level":"info","message":"Waiting for element: locator('#login-button') to be visible"}
{"level":"info","message":"Element is now visible"}
{"level":"info","message":"Clicked element: locator('#login-button')"}
{"level":"info","message":"Waiting for element: locator('#user-name') to be visible"}
{"level":"info","message":"Element is now visible"}
{"level":"info","message":"Typed \"standard_user\" into element: locator('#user-name')"}
{"level":"info","message":"Waiting for element: locator('#password') to be visible"}
{"level":"info","message":"Element is now visible"}
{"level":"info","message":"Typed \"secret_sauce\" into element: locator('#password')"}
{"level":"info","message":"Waiting for element: locator('#login-button') to be visible"}
{"level":"info","message":"Element is now visible"}
{"level":"info","message":"Clicked element: locator('#login-button')"}
{"level":"info","message":"Element: locator('[data-test=\"title\"]') is visible"}
{"level":"info","message":"Waiting for element: locator('#react-burger-menu-btn') to be visible"}
{"level":"info","message":"Element is now visible"}
{"level":"info","message":"Clicked element: locator('#react-burger-menu-btn')"}
{"level":"info","message":"Waiting for element: locator('#logout_sidebar_link') to be visible"}
{"level":"info","message":"Element is now visible"}
{"level":"info","message":"Clicked element: locator('#logout_sidebar_link')"}
{"level":"info","message":"Waiting for element: locator('#user-name') to be visible"}
{"level":"info","message":"Element is now visible"}
{"level":"info","message":"Typed \"standard_user\" into element: locator('#user-name')"}
{"level":"info","message":"Waiting for element: locator('#password') to be visible"}
{"level":"info","message":"Element is now visible"}
{"level":"info","message":"Typed \"secret_sauce\" into element: locator('#password')"}
{"level":"info","message":"Waiting for element: locator('#login-button') to be visible"}
{"level":"info","message":"Element is now visible"}
{"level":"info","message":"Clicked element: locator('#login-button')"}
{"level":"info","message":"Element: locator('[data-test=\"title\"]') is visible"}
{"level":"info","message":"Waiting for element: locator('#react-burger-menu-btn') to be visible"}
{"level":"info","message":"Element is now visible"}
{"level":"info","message":"Clicked element: locator('#react-burger-menu-btn')"}
{"level":"info","message":"Waiting for element: locator('#logout_sidebar_link') to be visible"}
{"level":"info","message":"Element is now visible"}
{"level":"info","message":"Clicked element: locator('#logout_sidebar_link')"}
{"level":"info","message":"Waiting for element: locator('#user-name') to be visible"}
{"level":"info","message":"Element is now visible"}
{"level":"info","message":"Typed \"standard_user\" into element: locator('#user-name')"}
{"level":"info","message":"Waiting for element: locator('#password') to be visible"}
{"level":"info","message":"Element is now visible"}
{"level":"info","message":"Typed \"secret_sauce\" into element: locator('#password')"}
{"level":"info","message":"Waiting for element: locator('#login-button') to be visible"}
{"level":"info","message":"Element is now visible"}
{"level":"info","message":"Clicked element: locator('#login-button')"}
{"level":"info","message":"Element: locator('[data-test=\"title\"]') is visible"}
{"level":"info","message":"Waiting for element: locator('#react-burger-menu-btn') to be visible"}
{"level":"info","message":"Element is now visible"}
{"level":"info","message":"Clicked element: locator('#react-burger-menu-btn')"}
{"level":"info","message":"Waiting for element: locator('#logout_sidebar_link') to be visible"}
{"level":"info","message":"Element is now visible"}
{"level":"info","message":"Clicked element: locator('#logout_sidebar_link')"}
{"level":"info","message":"Waiting for element: locator('#user-name') to be visible"}
{"level":"info","message":"Element is now visible"}
{"level":"info","message":"Typed \"standard_user\" into element: locator('#user-name')"}
{"level":"info","message":"Waiting for element: locator('#password') to be visible"}
{"level":"info","message":"Element is now visible"}
{"level":"info","message":"Typed \"secret_sauce\" into element: locator('#password')"}
{"level":"info","message":"Waiting for element: locator('#login-button') to be visible"}
{"level":"info","message":"Element is now visible"}
{"level":"info","message":"Clicked element: locator('#login-button')"}
{"level":"info","message":"Waiting for element: locator('#user-name') to be visible"}
{"level":"info","message":"Element is now visible"}
{"level":"info","message":"Typed \"standard_user\" into element: locator('#user-name')"}
{"level":"info","message":"Waiting for element: locator('#password') to be visible"}
{"level":"info","message":"Element is now visible"}
{"level":"info","message":"Typed \"secret_sauce\" into element: locator('#password')"}
{"level":"info","message":"Waiting for element: locator('#login-button') to be visible"}
{"level":"info","message":"Element is now visible"}
{"level":"info","message":"Clicked element: locator('#login-button')"}
{"level":"info","message":"Waiting for element: locator('#user-name') to be visible"}
{"level":"info","message":"Element is now visible"}
{"level":"info","message":"Typed \"standard_user\" into element: locator('#user-name')"}
{"level":"info","message":"Waiting for element: locator('#password') to be visible"}
{"level":"info","message":"Element is now visible"}
{"level":"info","message":"Typed \"secret_sauce\" into element: locator('#password')"}
{"level":"info","message":"Waiting for element: locator('#login-button') to be visible"}
{"level":"info","message":"Element is now visible"}
{"level":"info","message":"Clicked element: locator('#login-button')"}
{"level":"info","message":"Waiting for element: locator('#user-name') to be visible"}
{"level":"info","message":"Element is now visible"}
{"level":"info","message":"Typed \"standard_user\" into element: locator('#user-name')"}
{"level":"info","message":"Waiting for element: locator('#password') to be visible"}
{"level":"info","message":"Element is now visible"}
{"level":"info","message":"Typed \"secret_sauce\" into element: locator('#password')"}
{"level":"info","message":"Waiting for element: locator('#login-button') to be visible"}
{"level":"info","message":"Element is now visible"}
{"level":"info","message":"Clicked element: locator('#login-button')"}
{"level":"info","message":"Waiting for element: locator('#user-name') to be visible"}
{"level":"info","message":"Element is now visible"}
{"level":"info","message":"Typed \"standard_user\" into element: locator('#user-name')"}
{"level":"info","message":"Waiting for element: locator('#password') to be visible"}
{"level":"info","message":"Element is now visible"}
{"level":"info","message":"Typed \"secret_sauce\" into element: locator('#password')"}
{"level":"info","message":"Waiting for element: locator('#login-button') to be visible"}
{"level":"info","message":"Element is now visible"}
{"level":"info","message":"Clicked element: locator('#login-button')"}
{"level":"info","message":"Waiting for element: locator('#user-name') to be visible"}
{"level":"info","message":"Element is now visible"}
{"level":"info","message":"Typed \"standard_user\" into element: locator('#user-name')"}
{"level":"info","message":"Waiting for element: locator('#password') to be visible"}
{"level":"info","message":"Element is now visible"}
{"level":"info","message":"Typed \"secret_sauce\" into element: locator('#password')"}
{"level":"info","message":"Waiting for element: locator('#login-button') to be visible"}
{"level":"info","message":"Element is now visible"}
{"level":"info","message":"Clicked element: locator('#login-button')"}
{"level":"info","message":"Element: locator('[data-test=\"title\"]') is visible"}
{"level":"info","message":"Waiting for element: locator('#react-burger-menu-btn') to be visible"}
{"level":"info","message":"Element is now visible"}
{"level":"info","message":"Clicked element: locator('#react-burger-menu-btn')"}
{"level":"info","message":"Waiting for element: locator('#logout_sidebar_link') to be visible"}
{"level":"info","message":"Element is now visible"}
{"level":"info","message":"Clicked element: locator('#logout_sidebar_link')"}
{"level":"info","message":"Waiting for element: locator('#user-name') to be visible"}
{"level":"info","message":"Element is now visible"}
{"level":"info","message":"Typed \"standard_user\" into element: locator('#user-name')"}
{"level":"info","message":"Waiting for element: locator('#password') to be visible"}
{"level":"info","message":"Element is now visible"}
{"level":"info","message":"Typed \"secret_sauce\" into element: locator('#password')"}
{"level":"info","message":"Waiting for element: locator('#login-button') to be visible"}
{"level":"info","message":"Element is now visible"}
{"level":"info","message":"Clicked element: locator('#login-button')"}
{"level":"info","message":"Element: locator('[data-test=\"title\"]') is visible"}
{"level":"info","message":"Waiting for element: locator('#react-burger-menu-btn') to be visible"}
{"level":"info","message":"Element is now visible"}
{"level":"info","message":"Clicked element: locator('#react-burger-menu-btn')"}
{"level":"info","message":"Waiting for element: locator('#logout_sidebar_link') to be visible"}
{"level":"info","message":"Element is now visible"}
{"level":"info","message":"Clicked element: locator('#logout_sidebar_link')"}
